<?xml version="1.0" encoding="UTF-8"?>
<!-- Generated by org.testng.reporters.JUnitReportReporter -->
<testsuite hostname="DESKTOP-3ACENMM" failures="0" tests="1" name="Payments.MakepaymentPOM" time="8.400" errors="0" timestamp="2023-03-24T16:01:19 IST" skipped="0">
  <testcase classname="Payments.MakepaymentPOM" name="makepayment" time="8.400"/>
  <system-out/>
</testsuite> <!-- Payments.MakepaymentPOM -->
