<?xml version="1.0" encoding="UTF-8"?>
<!-- Generated by org.testng.reporters.JUnitReportReporter -->
<testsuite hostname="DESKTOP-3ACENMM" failures="0" tests="1" name="Clientintegration.DeleteclientPOMtext" time="8.007" errors="0" timestamp="2023-04-06T15:45:05 IST" skipped="0">
  <testcase classname="Clientintegration.DeleteclientPOMtext" name="DeleteClient" time="8.007"/>
  <system-out>
    <![CDATA[DeleteClient------>test case execution Started
DeleteClient----->testscript execution successful]]>
  </system-out>
</testsuite> <!-- Clientintegration.DeleteclientPOMtext -->
