<?xml version="1.0" encoding="UTF-8"?>
<!-- Generated by org.testng.reporters.JUnitReportReporter -->
<testsuite hostname="DESKTOP-3ACENMM" failures="0" tests="4" name="Practicepackage.TS_03" time="8.769" errors="0" timestamp="2023-03-30T16:30:33 IST" skipped="0">
  <testcase classname="Practicepackage.TS_03" name="Script6" time="2.746"/>
  <system-out/>
  <testcase classname="Practicepackage.TS_03" name="Script5" time="1.268"/>
  <system-out/>
  <testcase classname="Practicepackage.TS_03" name="Script5" time="2.109"/>
  <system-out/>
  <testcase classname="Practicepackage.TS_03" name="Script6" time="2.646"/>
  <system-out/>
</testsuite> <!-- Practicepackage.TS_03 -->
