<?xml version="1.0" encoding="UTF-8"?>
<!-- Generated by org.testng.reporters.JUnitReportReporter -->
<testsuite hostname="DESKTOP-3ACENMM" failures="0" tests="3" name="Practicepackage.dataproviderwithEXELUtility" time="0.020" errors="0" timestamp="2023-03-24T10:57:03 IST" skipped="0">
  <testcase classname="Practicepackage.dataproviderwithEXELUtility" name="getdata" time="0.002"/>
  <system-out/>
  <testcase classname="Practicepackage.dataproviderwithEXELUtility" name="getdata" time="0.015"/>
  <system-out/>
  <testcase classname="Practicepackage.dataproviderwithEXELUtility" name="getdata" time="0.003"/>
  <system-out/>
</testsuite> <!-- Practicepackage.dataproviderwithEXELUtility -->
