<?xml version="1.0" encoding="UTF-8"?>
<!-- Generated by org.testng.reporters.JUnitReportReporter -->
<testsuite hostname="DESKTOP-3ACENMM" failures="0" tests="2" name="Clients.CreatepomforcreateClient" time="107.850" errors="0" timestamp="2023-03-24T15:36:17 IST" skipped="0">
  <testcase classname="Clients.CreatepomforcreateClient" name="deleteclient" time="49.802"/>
  <system-out/>
  <testcase classname="Clients.CreatepomforcreateClient" name="createClient" time="58.048"/>
  <system-out/>
</testsuite> <!-- Clients.CreatepomforcreateClient -->
