<?xml version="1.0" encoding="UTF-8"?>
<!-- Generated by org.testng.reporters.JUnitReportReporter -->
<testsuite hostname="DESKTOP-3ACENMM" failures="0" tests="1" name="Clientintegration.EditClientPOMScript" time="6.545" errors="0" timestamp="2023-04-06T15:46:33 IST" skipped="0">
  <testcase classname="Clientintegration.EditClientPOMScript" name="EditClient" time="6.545"/>
  <system-out/>
</testsuite> <!-- Clientintegration.EditClientPOMScript -->
