<?xml version="1.0" encoding="UTF-8"?>
<!-- Generated by org.testng.reporters.JUnitReportReporter -->
<testsuite hostname="DESKTOP-3ACENMM" failures="0" tests="3" name="Practicepackage.DB_Test" time="0.021" errors="0" timestamp="2023-03-24T10:08:12 IST" skipped="0">
  <testcase classname="Practicepackage.DB_Test" name="getData" time="0.003"/>
  <system-out/>
  <testcase classname="Practicepackage.DB_Test" name="getData" time="0.003"/>
  <system-out/>
  <testcase classname="Practicepackage.DB_Test" name="getData" time="0.015"/>
  <system-out/>
</testsuite> <!-- Practicepackage.DB_Test -->
