<?xml version="1.0" encoding="UTF-8"?>
<!-- Generated by org.testng.reporters.JUnitReportReporter -->
<testsuite hostname="DESKTOP-3ACENMM" failures="0" tests="2" name="Practicepackage.TESTNGPRACTIES" time="0.027" errors="0" timestamp="2023-03-23T15:28:13 IST" skipped="0">
  <testcase classname="Practicepackage.TESTNGPRACTIES" name="create" time="0.024"/>
  <system-out/>
  <testcase classname="Practicepackage.TESTNGPRACTIES" name="delete" time="0.003"/>
  <system-out/>
</testsuite> <!-- Practicepackage.TESTNGPRACTIES -->
