<?xml version="1.0" encoding="UTF-8"?>
<!-- Generated by org.testng.reporters.JUnitReportReporter -->
<testsuite skipped="0" hostname="DESKTOP-3ACENMM" name="Practicepackage.Validate" tests="1" failures="0" timestamp="2023-04-02T19:12:29 IST" time="0.019" errors="0">
  <testcase name="test1" time="0.019" classname="Practicepackage.Validate"/>
  <system-out/>
</testsuite> <!-- Practicepackage.Validate -->
