<?xml version="1.0" encoding="UTF-8"?>
<!-- Generated by org.testng.reporters.JUnitReportReporter -->
<testsuite hostname="DESKTOP-3ACENMM" failures="0" tests="2" name="Practicepackage.Test" time="0.045" errors="0" timestamp="2023-04-05T15:31:54 IST" skipped="0">
  <testcase classname="Practicepackage.Test" name="test" time="0.030"/>
  <system-out/>
  <testcase classname="Practicepackage.Test" name="test2" time="0.015"/>
  <system-out/>
</testsuite> <!-- Practicepackage.Test -->
