<?xml version="1.0" encoding="UTF-8"?>
<!-- Generated by org.testng.reporters.JUnitReportReporter -->
<testsuite hostname="DESKTOP-3ACENMM" failures="0" tests="4" name="Practicepackage.TS_04" time="8.122" errors="0" timestamp="2023-03-30T16:30:33 IST" skipped="0">
  <testcase classname="Practicepackage.TS_04" name="Script7" time="1.912"/>
  <system-out/>
  <testcase classname="Practicepackage.TS_04" name="Script7" time="1.707"/>
  <system-out/>
  <testcase classname="Practicepackage.TS_04" name="Script8" time="2.285"/>
  <system-out/>
  <testcase classname="Practicepackage.TS_04" name="Script8" time="2.218"/>
  <system-out/>
</testsuite> <!-- Practicepackage.TS_04 -->
