<?xml version="1.0" encoding="UTF-8"?>
<!-- Generated by org.testng.reporters.JUnitReportReporter -->
<testsuite hostname="DESKTOP-3ACENMM" failures="0" tests="2" name="Practicepackage.TS_1" time="1.564" errors="0" timestamp="2023-03-27T13:39:20 IST" skipped="0">
  <testcase classname="Practicepackage.TS_1" name="Script2" time="0.921"/>
  <system-out/>
  <testcase classname="Practicepackage.TS_1" name="Script1" time="0.643"/>
  <system-out/>
</testsuite> <!-- Practicepackage.TS_1 -->
