<?xml version="1.0" encoding="UTF-8"?>
<!-- Generated by org.testng.reporters.JUnitReportReporter -->
<testsuite hostname="DESKTOP-3ACENMM" failures="0" tests="3" name="Practicepackage.Dataprovidertest" time="0.019" errors="0" timestamp="2023-03-23T16:42:46 IST" skipped="0">
  <testcase classname="Practicepackage.Dataprovidertest" name="getdata" time="0.013"/>
  <system-out/>
  <testcase classname="Practicepackage.Dataprovidertest" name="getdata" time="0.003"/>
  <system-out/>
  <testcase classname="Practicepackage.Dataprovidertest" name="getdata" time="0.003"/>
  <system-out/>
</testsuite> <!-- Practicepackage.Dataprovidertest -->
